Build started 09/02/2015 14:37:04.
     1>Project "C:\Users\huguel\Documents\00-Me\00-SVN\trunk\Etudes\Localisation_Magnetique_v5\XX_Dependances\levmar-2.6_bin_vc11\levmar.vcxproj" on node 2 (Build target(s)).
     1>CustomBuild:
         Building Custom Rule C:/Users/huguel/Documents/00-Me/00-SVN/trunk/Etudes/Localisation_Magnetique_v5/XX_Dependances/levmar-2.6/CMakeLists.txt
         CMake does not need to re-run because C:\Users\huguel\Documents\00-Me\00-SVN\trunk\Etudes\Localisation_Magnetique_v5\XX_Dependances\levmar-2.6_bin_vc11\CMakeFiles\generate.stamp is up-to-date.
       ClCompile:
         C:\Program Files (x86)\Microsoft Visual Studio 11.0\VC\bin\CL.exe /c /I"C:\Users\huguel\Documents\00-Me\00-SVN\trunk\Etudes\Localisation_Magnetique_v5\XX_Dependances\levmar-2.6" /Zi /nologo /W3 /WX- /Od /Ob0 /Oy- /D WIN32 /D _WINDOWS /D _DEBUG /D "CMAKE_INTDIR=\"Debug\"" /D _MBCS /Gm- /RTC1 /MDd /GS /fp:precise /Zc:wchar_t /Zc:forScope /Fo"levmar.dir\Debug\\" /Fd"levmar.dir\Debug\vc110.pdb" /Gd /TC /analyze- /errorReport:prompt "C:\Users\huguel\Documents\00-Me\00-SVN\trunk\Etudes\Localisation_Magnetique_v5\XX_Dependances\levmar-2.6\lm.c" "C:\Users\huguel\Documents\00-Me\00-SVN\trunk\Etudes\Localisation_Magnetique_v5\XX_Dependances\levmar-2.6\Axb.c" "C:\Users\huguel\Documents\00-Me\00-SVN\trunk\Etudes\Localisation_Magnetique_v5\XX_Dependances\levmar-2.6\misc.c" "C:\Users\huguel\Documents\00-Me\00-SVN\trunk\Etudes\Localisation_Magnetique_v5\XX_Dependances\levmar-2.6\lmlec.c" "C:\Users\huguel\Documents\00-Me\00-SVN\trunk\Etudes\Localisation_Magnetique_v5\XX_Dependances\levmar-2.6\lmbc.c" "C:\Users\huguel\Documents\00-Me\00-SVN\trunk\Etudes\Localisation_Magnetique_v5\XX_Dependances\levmar-2.6\lmblec.c" "C:\Users\huguel\Documents\00-Me\00-SVN\trunk\Etudes\Localisation_Magnetique_v5\XX_Dependances\levmar-2.6\lmbleic.c"
         lm.c
         Axb.c
         misc.c
         lmlec.c
         lmbc.c
         lmblec.c
         lmbleic.c
         Generating Code...
       Lib:
         C:\Program Files (x86)\Microsoft Visual Studio 11.0\VC\bin\Lib.exe /OUT:"C:\Users\huguel\Documents\00-Me\00-SVN\trunk\Etudes\Localisation_Magnetique_v5\XX_Dependances\levmar-2.6_bin_vc11\Debug\levmar.lib" /NOLOGO levmar.dir\Debug\lm.obj
         levmar.dir\Debug\Axb.obj
         levmar.dir\Debug\misc.obj
         levmar.dir\Debug\lmlec.obj
         levmar.dir\Debug\lmbc.obj
         levmar.dir\Debug\lmblec.obj
         levmar.dir\Debug\lmbleic.obj
         levmar.vcxproj -> C:\Users\huguel\Documents\00-Me\00-SVN\trunk\Etudes\Localisation_Magnetique_v5\XX_Dependances\levmar-2.6_bin_vc11\Debug\levmar.lib
     1>Done Building Project "C:\Users\huguel\Documents\00-Me\00-SVN\trunk\Etudes\Localisation_Magnetique_v5\XX_Dependances\levmar-2.6_bin_vc11\levmar.vcxproj" (Build target(s)).

Build succeeded.

Time Elapsed 00:00:01.03
