Build started 09/02/2015 14:37:38.
     1>Project "C:\Users\huguel\Documents\00-Me\00-SVN\trunk\Etudes\Localisation_Magnetique_v5\XX_Dependances\levmar-2.6_bin_vc11\levmar.vcxproj" on node 2 (Build target(s)).
     1>CustomBuild:
         Building Custom Rule C:/Users/huguel/Documents/00-Me/00-SVN/trunk/Etudes/Localisation_Magnetique_v5/XX_Dependances/levmar-2.6/CMakeLists.txt
         CMake does not need to re-run because C:\Users\huguel\Documents\00-Me\00-SVN\trunk\Etudes\Localisation_Magnetique_v5\XX_Dependances\levmar-2.6_bin_vc11\CMakeFiles\generate.stamp is up-to-date.
       ClCompile:
         C:\Program Files (x86)\Microsoft Visual Studio 11.0\VC\bin\CL.exe /c /I"C:\Users\huguel\Documents\00-Me\00-SVN\trunk\Etudes\Localisation_Magnetique_v5\XX_Dependances\levmar-2.6" /nologo /W3 /WX- /O2 /Ob2 /Oy- /D WIN32 /D _WINDOWS /D NDEBUG /D "CMAKE_INTDIR=\"Release\"" /D _MBCS /Gm- /MD /GS /fp:precise /Zc:wchar_t /Zc:forScope /Fo"levmar.dir\Release\\" /Fd"levmar.dir\Release\vc110.pdb" /Gd /TC /analyze- /errorReport:prompt "C:\Users\huguel\Documents\00-Me\00-SVN\trunk\Etudes\Localisation_Magnetique_v5\XX_Dependances\levmar-2.6\lm.c" "C:\Users\huguel\Documents\00-Me\00-SVN\trunk\Etudes\Localisation_Magnetique_v5\XX_Dependances\levmar-2.6\Axb.c" "C:\Users\huguel\Documents\00-Me\00-SVN\trunk\Etudes\Localisation_Magnetique_v5\XX_Dependances\levmar-2.6\misc.c" "C:\Users\huguel\Documents\00-Me\00-SVN\trunk\Etudes\Localisation_Magnetique_v5\XX_Dependances\levmar-2.6\lmlec.c" "C:\Users\huguel\Documents\00-Me\00-SVN\trunk\Etudes\Localisation_Magnetique_v5\XX_Dependances\levmar-2.6\lmbc.c" "C:\Users\huguel\Documents\00-Me\00-SVN\trunk\Etudes\Localisation_Magnetique_v5\XX_Dependances\levmar-2.6\lmblec.c" "C:\Users\huguel\Documents\00-Me\00-SVN\trunk\Etudes\Localisation_Magnetique_v5\XX_Dependances\levmar-2.6\lmbleic.c"
         lm.c
         Axb.c
         misc.c
         lmlec.c
         lmbc.c
         lmblec.c
         lmbleic.c
         Generating Code...
       Lib:
         C:\Program Files (x86)\Microsoft Visual Studio 11.0\VC\bin\Lib.exe /OUT:"C:\Users\huguel\Documents\00-Me\00-SVN\trunk\Etudes\Localisation_Magnetique_v5\XX_Dependances\levmar-2.6_bin_vc11\Release\levmar.lib" /NOLOGO levmar.dir\Release\lm.obj
         levmar.dir\Release\Axb.obj
         levmar.dir\Release\misc.obj
         levmar.dir\Release\lmlec.obj
         levmar.dir\Release\lmbc.obj
         levmar.dir\Release\lmblec.obj
         levmar.dir\Release\lmbleic.obj
         levmar.vcxproj -> C:\Users\huguel\Documents\00-Me\00-SVN\trunk\Etudes\Localisation_Magnetique_v5\XX_Dependances\levmar-2.6_bin_vc11\Release\levmar.lib
     1>Done Building Project "C:\Users\huguel\Documents\00-Me\00-SVN\trunk\Etudes\Localisation_Magnetique_v5\XX_Dependances\levmar-2.6_bin_vc11\levmar.vcxproj" (Build target(s)).

Build succeeded.

Time Elapsed 00:00:03.73
