La génération a démarré 16/07/2013 11:46:40.
     1>Projet "C:\Users\huguel\Documents\sync\Encours\Localisation Magnetique\XXXX_Dependances\levmar-2.6_bin\levmar.vcxproj" sur le nœud 3 (build cible(s)).
     1>InitializeBuildStatus:
         Création de "levmar.dir\Debug\levmar.unsuccessfulbuild", car "AlwaysCreate" a été spécifié.
       CustomBuild:
         Building Custom Rule C:/Users/huguel/Documents/sync/Encours/Localisation Magnetique/XXXX_Dependances/levmar-2.6/CMakeLists.txt
         CMake does not need to re-run because C:\Users\huguel\Documents\sync\Encours\Localisation Magnetique\XXXX_Dependances\levmar-2.6_bin\CMakeFiles\generate.stamp is up-to-date.
       ClCompile:
         C:\Program Files (x86)\Microsoft Visual Studio 10.0\VC\bin\CL.exe /c /I"C:/Users/huguel/Documents/sync/Encours/Localisation Magnetique/XXXX_Dependances/levmar-2.6" /Zi /nologo /W3 /WX- /Od /Ob0 /Oy- /D WIN32 /D _WINDOWS /D _DEBUG /D "CMAKE_INTDIR=\"Debug\"" /D _MBCS /Gm- /RTC1 /MDd /GS /fp:precise /Zc:wchar_t /Zc:forScope /Fo"levmar.dir\Debug\\" /Fd"C:/Users/huguel/Documents/sync/Encours/Localisation Magnetique/XXXX_Dependances/levmar-2.6_bin/Debug/levmar.pdb" /Gd /TC /analyze- /errorReport:prompt "C:\Users\huguel\Documents\sync\Encours\Localisation Magnetique\XXXX_Dependances\levmar-2.6\lm.c" "C:\Users\huguel\Documents\sync\Encours\Localisation Magnetique\XXXX_Dependances\levmar-2.6\Axb.c" "C:\Users\huguel\Documents\sync\Encours\Localisation Magnetique\XXXX_Dependances\levmar-2.6\misc.c" "C:\Users\huguel\Documents\sync\Encours\Localisation Magnetique\XXXX_Dependances\levmar-2.6\lmlec.c" "C:\Users\huguel\Documents\sync\Encours\Localisation Magnetique\XXXX_Dependances\levmar-2.6\lmbc.c" "C:\Users\huguel\Documents\sync\Encours\Localisation Magnetique\XXXX_Dependances\levmar-2.6\lmblec.c" "C:\Users\huguel\Documents\sync\Encours\Localisation Magnetique\XXXX_Dependances\levmar-2.6\lmbleic.c"  /Zm1000 
         lm.c
         Axb.c
         misc.c
         lmlec.c
         lmbc.c
         lmblec.c
         lmbleic.c
         Génération de code en cours...
       Lib:
         C:\Program Files (x86)\Microsoft Visual Studio 10.0\VC\bin\Lib.exe /OUT:"C:\Users\huguel\Documents\sync\Encours\Localisation Magnetique\XXXX_Dependances\levmar-2.6_bin\Debug\levmar.lib" /NOLOGO levmar.dir\Debug\lm.obj
         levmar.dir\Debug\Axb.obj
         levmar.dir\Debug\misc.obj
         levmar.dir\Debug\lmlec.obj
         levmar.dir\Debug\lmbc.obj
         levmar.dir\Debug\lmblec.obj
         levmar.dir\Debug\lmbleic.obj
         levmar.vcxproj -> C:\Users\huguel\Documents\sync\Encours\Localisation Magnetique\XXXX_Dependances\levmar-2.6_bin\Debug\levmar.lib
       FinalizeBuildStatus:
         Suppression du fichier "levmar.dir\Debug\levmar.unsuccessfulbuild".
         Mise à jour de l'horodatage "levmar.dir\Debug\levmar.lastbuildstate".
     1>Génération du projet "C:\Users\huguel\Documents\sync\Encours\Localisation Magnetique\XXXX_Dependances\levmar-2.6_bin\levmar.vcxproj" terminée (build cible(s)).

La génération a réussi.

Temps écoulé 00:00:00.58
